2021-01-13 15:17:07,419 INFO o.a.j.u.JMeterUtils: Setting Locale to en_EN
2021-01-13 15:17:07,457 INFO o.a.j.JMeter: Loading user properties from: user.properties
2021-01-13 15:17:07,458 INFO o.a.j.JMeter: Loading system properties from: system.properties
2021-01-13 15:17:07,468 INFO o.a.j.JMeter: Copyright (c) 1998-2020 The Apache Software Foundation
2021-01-13 15:17:07,468 INFO o.a.j.JMeter: Version 5.4
2021-01-13 15:17:07,468 INFO o.a.j.JMeter: java.version=1.8.0_252
2021-01-13 15:17:07,468 INFO o.a.j.JMeter: java.vm.name=OpenJDK 64-Bit Server VM
2021-01-13 15:17:07,468 INFO o.a.j.JMeter: os.name=Mac OS X
2021-01-13 15:17:07,468 INFO o.a.j.JMeter: os.arch=x86_64
2021-01-13 15:17:07,468 INFO o.a.j.JMeter: os.version=10.15.7
2021-01-13 15:17:07,468 INFO o.a.j.JMeter: file.encoding=UTF-8
2021-01-13 15:17:07,469 INFO o.a.j.JMeter: java.awt.headless=null
2021-01-13 15:17:07,469 INFO o.a.j.JMeter: Max memory     =1073741824
2021-01-13 15:17:07,469 INFO o.a.j.JMeter: Available Processors =16
2021-01-13 15:17:07,474 INFO o.a.j.JMeter: Default Locale=English (EN)
2021-01-13 15:17:07,474 INFO o.a.j.JMeter: JMeter  Locale=English (EN)
2021-01-13 15:17:07,474 INFO o.a.j.JMeter: JMeterHome=/Users/ameliaelihubarbosa/dev_ws/apache-jmeter-5.4
2021-01-13 15:17:07,474 INFO o.a.j.JMeter: user.dir  =/Users/ameliaelihubarbosa/dev_ws/apache-jmeter-5.4/bin
2021-01-13 15:17:07,475 INFO o.a.j.JMeter: PWD       =/Users/ameliaelihubarbosa/dev_ws/apache-jmeter-5.4/bin
2021-01-13 15:17:07,476 INFO o.a.j.JMeter: IP: 127.0.0.1 Name: Amelies-MacBook-Pro.local FullName: localhost
2021-01-13 15:17:07,990 INFO o.a.j.JMeter: Setting LAF to: com.github.weisj.darklaf.DarkLaf:com.github.weisj.darklaf.theme.DarculaTheme
2021-01-13 15:17:08,838 INFO o.a.j.JMeter: Loaded icon properties from org/apache/jmeter/images/icon.properties
2021-01-13 15:19:23,350 INFO o.a.j.s.FileServer: Default base='/Users/ameliaelihubarbosa/dev_ws/apache-jmeter-5.4/bin'
2021-01-13 15:19:23,353 INFO o.a.j.g.a.Load: Loading file: /Users/ameliaelihubarbosa/dev_ws/tl/jmeter_load_testing/Test Plan.jmx
2021-01-13 15:19:23,354 INFO o.a.j.s.FileServer: Set new base='/Users/ameliaelihubarbosa/dev_ws/tl/jmeter_load_testing'
2021-01-13 15:19:23,487 INFO o.a.j.s.SaveService: Testplan (JMX) version: 2.2. Testlog (JTL) version: 2.2
2021-01-13 15:19:23,501 INFO o.a.j.s.SaveService: Using SaveService properties file encoding UTF-8
2021-01-13 15:19:23,502 INFO o.a.j.s.SaveService: Using SaveService properties version 5.0
2021-01-13 15:19:23,505 INFO o.a.j.s.SaveService: Loading file: /Users/ameliaelihubarbosa/dev_ws/tl/jmeter_load_testing/Test Plan.jmx
2021-01-13 15:19:23,527 INFO o.a.j.p.h.s.HTTPSamplerBase: Parser for text/html is org.apache.jmeter.protocol.http.parser.LagartoBasedHtmlParser
2021-01-13 15:19:23,528 INFO o.a.j.p.h.s.HTTPSamplerBase: Parser for application/xhtml+xml is org.apache.jmeter.protocol.http.parser.LagartoBasedHtmlParser
2021-01-13 15:19:23,528 INFO o.a.j.p.h.s.HTTPSamplerBase: Parser for application/xml is org.apache.jmeter.protocol.http.parser.LagartoBasedHtmlParser
2021-01-13 15:19:23,528 INFO o.a.j.p.h.s.HTTPSamplerBase: Parser for text/xml is org.apache.jmeter.protocol.http.parser.LagartoBasedHtmlParser
2021-01-13 15:19:23,528 INFO o.a.j.p.h.s.HTTPSamplerBase: Parser for text/vnd.wap.wml is org.apache.jmeter.protocol.http.parser.RegexpHTMLParser
2021-01-13 15:19:23,528 INFO o.a.j.p.h.s.HTTPSamplerBase: Parser for text/css is org.apache.jmeter.protocol.http.parser.CssParser
2021-01-13 15:19:23,655 INFO o.a.j.s.SampleResult: Note: Sample TimeStamps are START times
2021-01-13 15:19:23,655 INFO o.a.j.s.SampleResult: sampleresult.default.encoding is set to ISO-8859-1
2021-01-13 15:19:23,655 INFO o.a.j.s.SampleResult: sampleresult.useNanoTime=true
2021-01-13 15:19:23,655 INFO o.a.j.s.SampleResult: sampleresult.nanoThreadSleep=5000
2021-01-13 15:19:23,818 INFO o.a.j.v.ViewResultsFullVisualizer: Add JavaFX to your Java installation if you want to use renderer: org.apache.jmeter.visualizers.RenderInBrowser
2021-01-13 15:19:23,933 INFO o.a.j.v.ViewResultsFullVisualizer: Add JavaFX to your Java installation if you want to use renderer: org.apache.jmeter.visualizers.RenderInBrowser
2021-01-13 15:19:24,014 INFO o.a.j.v.ViewResultsFullVisualizer: Add JavaFX to your Java installation if you want to use renderer: org.apache.jmeter.visualizers.RenderInBrowser
2021-01-13 15:19:24,076 INFO o.a.j.v.ViewResultsFullVisualizer: Add JavaFX to your Java installation if you want to use renderer: org.apache.jmeter.visualizers.RenderInBrowser
2021-01-13 15:19:24,131 WARN o.a.j.g.a.Load: Unexpected error. java.lang.NullPointerException
java.lang.NullPointerException: null
	at java.util.ArrayDeque.addLast(ArrayDeque.java:249) ~[?:1.8.0_252]
	at java.util.ArrayDeque.add(ArrayDeque.java:423) ~[?:1.8.0_252]
	at org.apache.jmeter.gui.action.LoadRecentProject.updateRecentFileMenuItems(LoadRecentProject.java:125) ~[ApacheJMeter_core.jar:5.4]
	at org.apache.jmeter.gui.util.JMeterMenuBar.setProjectFileLoaded(JMeterMenuBar.java:144) ~[ApacheJMeter_core.jar:5.4]
	at org.apache.jmeter.gui.MainFrame.setProjectFileLoaded(MainFrame.java:330) ~[ApacheJMeter_core.jar:5.4]
	at org.apache.jmeter.gui.GuiPackage.setTestPlanFile(GuiPackage.java:732) ~[ApacheJMeter_core.jar:5.4]
	at org.apache.jmeter.gui.action.Load.loadProjectFile(Load.java:136) ~[ApacheJMeter_core.jar:5.4]
	at org.apache.jmeter.gui.action.Load.loadProjectFile(Load.java:101) ~[ApacheJMeter_core.jar:5.4]
	at org.apache.jmeter.gui.action.Load.doActionAfterCheck(Load.java:88) ~[ApacheJMeter_core.jar:5.4]
	at org.apache.jmeter.gui.action.AbstractActionWithNoRunningTest.doAction(AbstractActionWithNoRunningTest.java:44) ~[ApacheJMeter_core.jar:5.4]
	at org.apache.jmeter.gui.action.ActionRouter.performAction(ActionRouter.java:87) ~[ApacheJMeter_core.jar:5.4]
	at org.apache.jmeter.gui.action.ActionRouter.lambda$actionPerformed$0(ActionRouter.java:69) ~[ApacheJMeter_core.jar:5.4]
	at java.awt.event.InvocationEvent.dispatch(InvocationEvent.java:311) [?:1.8.0_252]
	at java.awt.EventQueue.dispatchEventImpl(EventQueue.java:758) [?:1.8.0_252]
	at java.awt.EventQueue.access$500(EventQueue.java:97) [?:1.8.0_252]
	at java.awt.EventQueue$3.run(EventQueue.java:709) [?:1.8.0_252]
	at java.awt.EventQueue$3.run(EventQueue.java:703) [?:1.8.0_252]
	at java.security.AccessController.doPrivileged(Native Method) ~[?:1.8.0_252]
	at java.security.ProtectionDomain$JavaSecurityAccessImpl.doIntersectionPrivilege(ProtectionDomain.java:74) [?:1.8.0_252]
	at java.awt.EventQueue.dispatchEvent(EventQueue.java:728) [?:1.8.0_252]
	at java.awt.EventDispatchThread.pumpOneEventForFilters(EventDispatchThread.java:205) [?:1.8.0_252]
	at java.awt.EventDispatchThread.pumpEventsForFilter(EventDispatchThread.java:116) [?:1.8.0_252]
	at java.awt.EventDispatchThread.pumpEventsForHierarchy(EventDispatchThread.java:105) [?:1.8.0_252]
	at java.awt.EventDispatchThread.pumpEvents(EventDispatchThread.java:101) [?:1.8.0_252]
	at java.awt.EventDispatchThread.pumpEvents(EventDispatchThread.java:93) [?:1.8.0_252]
	at java.awt.EventDispatchThread.run(EventDispatchThread.java:82) [?:1.8.0_252]
2021-01-13 15:19:24,136 ERROR o.a.j.u.JMeterUtils: Unexpected error - see log for details
